Using pre-set license
Built from '2020.3/staging' branch; Version is '2020.3.37f1 (8c66806a0c04) revision 9201280'; Using compiler version '192528614'; Build Type 'Release'
OS: 'Windows 11  (10.0.22621) 64bit Core' Language: 'ko' Physical Memory: 32381 MB
BatchMode: 1, IsHumanControllingUs: 0, StartBugReporterOnCrash: 0, Is64bit: 1, IsPro: 0

COMMAND LINE ARGUMENTS:
C:\Program Files\Unity\Hub\Editor\2020.3.37f1\Editor\Unity.exe
-adb2
-batchMode
-noUpm
-name
AssetImportWorker0
-projectPath
C:/Users/JeonDaYoen/Documents/SomniumISland/SOMNIUM_ISLAND
-logFile
Logs/AssetImportWorker0.log
-srvPort
64062
Successfully changed project path to: C:/Users/JeonDaYoen/Documents/SomniumISland/SOMNIUM_ISLAND
C:/Users/JeonDaYoen/Documents/SomniumISland/SOMNIUM_ISLAND
Using Asset Import Pipeline V2.
Refreshing native plugins compatible for Editor in 75.54 ms, found 3 plugins.
Preloading 0 native plugins for Editor in 0.00 ms.
Initialize engine version: 2020.3.37f1 (8c66806a0c04)
[Subsystems] Discovering subsystems at path C:/Program Files/Unity/Hub/Editor/2020.3.37f1/Editor/Data/Resources/UnitySubsystems
[Subsystems] Discovering subsystems at path C:/Users/JeonDaYoen/Documents/SomniumISland/SOMNIUM_ISLAND/Assets
GfxDevice: creating device client; threaded=0
Direct3D:
    Version:  Direct3D 11.0 [level 11.1]
    Renderer: Intel(R) Iris(R) Xe Graphics (ID=0x46a6)
    Vendor:   
    VRAM:     16190 MB
    Driver:   31.0.101.3616
Initialize mono
Mono path[0] = 'C:/Program Files/Unity/Hub/Editor/2020.3.37f1/Editor/Data/Managed'
Mono path[1] = 'C:/Program Files/Unity/Hub/Editor/2020.3.37f1/Editor/Data/MonoBleedingEdge/lib/mono/unityjit'
Mono config path = 'C:/Program Files/Unity/Hub/Editor/2020.3.37f1/Editor/Data/MonoBleedingEdge/etc'
Using monoOptions --debugger-agent=transport=dt_socket,embedding=1,server=y,suspend=n,address=127.0.0.1:56548
Begin MonoManager ReloadAssembly
Registering precompiled unity dll's ...
Register platform support module: C:/Program Files/Unity/Hub/Editor/2020.3.37f1/Editor/Data/PlaybackEngines/WebGLSupport/UnityEditor.WebGL.Extensions.dll
Register platform support module: C:/Program Files/Unity/Hub/Editor/2020.3.37f1/Editor/Data/PlaybackEngines/WindowsStandaloneSupport/UnityEditor.WindowsStandalone.Extensions.dll
Registered in 0.005502 seconds.
Native extension for WindowsStandalone target not found
Native extension for WebGL target not found
Refreshing native plugins compatible for Editor in 71.81 ms, found 3 plugins.
Preloading 0 native plugins for Editor in 0.00 ms.
Mono: successfully reloaded assembly
- Completed reload, in  0.788 seconds
Domain Reload Profiling:
	ReloadAssembly (788ms)
		BeginReloadAssembly (118ms)
			ExecutionOrderSort (0ms)
			DisableScriptedObjects (0ms)
			BackupInstance (0ms)
			ReleaseScriptingObjects (0ms)
			CreateAndSetChildDomain (1ms)
		EndReloadAssembly (548ms)
			LoadAssemblies (115ms)
			RebuildTransferFunctionScriptingTraits (0ms)
			SetupTypeCache (150ms)
			ReleaseScriptCaches (0ms)
			RebuildScriptCaches (30ms)
			SetupLoadedEditorAssemblies (213ms)
				LogAssemblyErrors (0ms)
				InitializePlatformSupportModulesInManaged (6ms)
				SetLoadedEditorAssemblies (2ms)
				RefreshPlugins (72ms)
				BeforeProcessingInitializeOnLoad (19ms)
				ProcessInitializeOnLoadAttributes (87ms)
				ProcessInitializeOnLoadMethodAttributes (27ms)
				AfterProcessingInitializeOnLoad (0ms)
				EditorAssembliesLoaded (0ms)
			ExecutionOrderSort2 (0ms)
			AwakeInstancesAfterBackupRestoration (0ms)
Platform modules already initialized, skipping
Registering precompiled user dll's ...
Registered in 0.006119 seconds.
Begin MonoManager ReloadAssembly
Native extension for WindowsStandalone target not found
Native extension for WebGL target not found
Refreshing native plugins compatible for Editor in 68.46 ms, found 3 plugins.
Preloading 0 native plugins for Editor in 0.00 ms.
Mono: successfully reloaded assembly
- Completed reload, in  1.288 seconds
Domain Reload Profiling:
	ReloadAssembly (1289ms)
		BeginReloadAssembly (175ms)
			ExecutionOrderSort (0ms)
			DisableScriptedObjects (4ms)
			BackupInstance (0ms)
			ReleaseScriptingObjects (0ms)
			CreateAndSetChildDomain (19ms)
		EndReloadAssembly (1042ms)
			LoadAssemblies (152ms)
			RebuildTransferFunctionScriptingTraits (0ms)
			SetupTypeCache (299ms)
			ReleaseScriptCaches (0ms)
			RebuildScriptCaches (49ms)
			SetupLoadedEditorAssemblies (435ms)
				LogAssemblyErrors (0ms)
				InitializePlatformSupportModulesInManaged (10ms)
				SetLoadedEditorAssemblies (0ms)
				RefreshPlugins (69ms)
				BeforeProcessingInitializeOnLoad (100ms)
				ProcessInitializeOnLoadAttributes (215ms)
				ProcessInitializeOnLoadMethodAttributes (26ms)
				AfterProcessingInitializeOnLoad (15ms)
				EditorAssembliesLoaded (0ms)
			ExecutionOrderSort2 (0ms)
			AwakeInstancesAfterBackupRestoration (3ms)
Platform modules already initialized, skipping
========================================================================
Worker process is ready to serve import requests
Launched and connected shader compiler UnityShaderCompiler.exe after 0.09 seconds
Refreshing native plugins compatible for Editor in 0.54 ms, found 3 plugins.
Preloading 0 native plugins for Editor in 0.00 ms.
Unloading 2272 Unused Serialized files (Serialized files now loaded: 0)
System memory in use before: 103.4 MB.
System memory in use after: 103.5 MB.

Unloading 30 unused Assets to reduce memory usage. Loaded Objects now: 2708.
Total: 5.066700 ms (FindLiveObjects: 0.197600 ms CreateObjectMapping: 0.268600 ms MarkObjects: 4.454300 ms  DeleteObjects: 0.144300 ms)

AssetImportParameters requested are different than current active one (requested -> active):
  custom:framework-win-MediaFoundation: 216162199b28c13a410421893ffa2e32 -> 
  custom:video-decoder-ogg-theora: a1e56fd34408186e4bbccfd4996cb3dc -> 
  custom:container-muxer-webm: aa71ff27fc2769a1b78a27578f13a17b -> 
  custom:container-demuxer-webm: 4f35f7cbe854078d1ac9338744f61a02 -> 
  custom:container-demuxer-ogg: 62fdf1f143b41e24485cea50d1cbac27 -> 
  custom:video-encoder-webm-vp8: eb34c28f22e8b96e1ab97ce403110664 -> 
  custom:video-codec-MediaFoundation-h265: 746d11721c4dcdbdad8f713fa42b33f4 -> 
  custom:video-decoder-webm-vp8: 9c59270c3fd7afecdb556c50c9e8de78 -> 
  custom:audio-decoder-ogg-vorbis: bf7c407c2cedff20999df2af8eb42d56 -> 
  custom:audio-encoder-webm-vorbis: bf7c407c2cedff20999df2af8eb42d56 -> 
========================================================================
Received Import Request.
  path: Assets/04_Player/맨몸.png
  artifactKey: Guid(943db8ca3489f0c4f8c75da4232e62f0) Importer(815301076,1909f56bfc062723c751e8b465ee728b)
Start importing Assets/04_Player/맨몸.png using Guid(943db8ca3489f0c4f8c75da4232e62f0) Importer(815301076,1909f56bfc062723c751e8b465ee728b)  -> (artifact id: 'e29080b3fabd942a7e5b3ffc5fb023df') in 0.183418 seconds 
========================================================================
Received Import Request.
  Time since last request: 14.672679 seconds.
  path: Assets/04_Player/맨몸.png
  artifactKey: Guid(943db8ca3489f0c4f8c75da4232e62f0) Importer(815301076,1909f56bfc062723c751e8b465ee728b)
Start importing Assets/04_Player/맨몸.png using Guid(943db8ca3489f0c4f8c75da4232e62f0) Importer(815301076,1909f56bfc062723c751e8b465ee728b)  -> (artifact id: 'b94a7026f8a0d35303eda1b84ee666f7') in 0.098684 seconds 
========================================================================
Received Prepare
Registering precompiled user dll's ...
Registered in 0.006043 seconds.
Begin MonoManager ReloadAssembly
Native extension for WindowsStandalone target not found
Native extension for WebGL target not found
Refreshing native plugins compatible for Editor in 0.65 ms, found 3 plugins.
Preloading 0 native plugins for Editor in 0.00 ms.
Mono: successfully reloaded assembly
- Completed reload, in  1.321 seconds
Domain Reload Profiling:
	ReloadAssembly (1322ms)
		BeginReloadAssembly (179ms)
			ExecutionOrderSort (0ms)
			DisableScriptedObjects (6ms)
			BackupInstance (0ms)
			ReleaseScriptingObjects (0ms)
			CreateAndSetChildDomain (35ms)
		EndReloadAssembly (1039ms)
			LoadAssemblies (179ms)
			RebuildTransferFunctionScriptingTraits (0ms)
			SetupTypeCache (323ms)
			ReleaseScriptCaches (1ms)
			RebuildScriptCaches (45ms)
			SetupLoadedEditorAssemblies (442ms)
				LogAssemblyErrors (0ms)
				InitializePlatformSupportModulesInManaged (7ms)
				SetLoadedEditorAssemblies (1ms)
				RefreshPlugins (1ms)
				BeforeProcessingInitializeOnLoad (149ms)
				ProcessInitializeOnLoadAttributes (249ms)
				ProcessInitializeOnLoadMethodAttributes (21ms)
				AfterProcessingInitializeOnLoad (14ms)
				EditorAssembliesLoaded (0ms)
			ExecutionOrderSort2 (0ms)
			AwakeInstancesAfterBackupRestoration (5ms)
Platform modules already initialized, skipping
Refreshing native plugins compatible for Editor in 0.59 ms, found 3 plugins.
Preloading 0 native plugins for Editor in 0.00 ms.
Unloading 2253 Unused Serialized files (Serialized files now loaded: 0)
System memory in use before: 105.0 MB.
System memory in use after: 105.1 MB.

Unloading 19 unused Assets to reduce memory usage. Loaded Objects now: 2726.
Total: 3.390700 ms (FindLiveObjects: 0.137900 ms CreateObjectMapping: 0.064800 ms MarkObjects: 3.062700 ms  DeleteObjects: 0.123300 ms)

AssetImportParameters requested are different than current active one (requested -> active):
  custom:framework-win-MediaFoundation: 216162199b28c13a410421893ffa2e32 -> 
  custom:video-decoder-ogg-theora: a1e56fd34408186e4bbccfd4996cb3dc -> 
  custom:container-muxer-webm: aa71ff27fc2769a1b78a27578f13a17b -> 
  custom:container-demuxer-webm: 4f35f7cbe854078d1ac9338744f61a02 -> 
  custom:container-demuxer-ogg: 62fdf1f143b41e24485cea50d1cbac27 -> 
  custom:video-encoder-webm-vp8: eb34c28f22e8b96e1ab97ce403110664 -> 
  custom:video-codec-MediaFoundation-h265: 746d11721c4dcdbdad8f713fa42b33f4 -> 
  custom:video-decoder-webm-vp8: 9c59270c3fd7afecdb556c50c9e8de78 -> 
  custom:audio-decoder-ogg-vorbis: bf7c407c2cedff20999df2af8eb42d56 -> 
  custom:audio-encoder-webm-vorbis: bf7c407c2cedff20999df2af8eb42d56 -> 
========================================================================
Received Import Request.
  Time since last request: 236.641467 seconds.
  path: Assets/04_Player/CostumImage/closet/Character_Move__Cl1.png
  artifactKey: Guid(46ea4db7636444f45a5c6a22491d536d) Importer(815301076,1909f56bfc062723c751e8b465ee728b)
Start importing Assets/04_Player/CostumImage/closet/Character_Move__Cl1.png using Guid(46ea4db7636444f45a5c6a22491d536d) Importer(815301076,1909f56bfc062723c751e8b465ee728b)  -> (artifact id: '9b061220db1ec2b566c77294aa092ca0') in 0.136255 seconds 
========================================================================
Received Import Request.
  Time since last request: 39.956729 seconds.
  path: Assets/04_Player/CostumImage/closet/Character_Move__Cl2.png
  artifactKey: Guid(3e335cdaafb609141a169eec87bdcadb) Importer(815301076,1909f56bfc062723c751e8b465ee728b)
Start importing Assets/04_Player/CostumImage/closet/Character_Move__Cl2.png using Guid(3e335cdaafb609141a169eec87bdcadb) Importer(815301076,1909f56bfc062723c751e8b465ee728b)  -> (artifact id: 'be251c49e27dd248060967346f4bf391') in 0.118918 seconds 
========================================================================
Received Import Request.
  Time since last request: 16.626606 seconds.
  path: Assets/04_Player/CostumImage/closet/Character_Move__Cl1.png
  artifactKey: Guid(46ea4db7636444f45a5c6a22491d536d) Importer(815301076,1909f56bfc062723c751e8b465ee728b)
Start importing Assets/04_Player/CostumImage/closet/Character_Move__Cl1.png using Guid(46ea4db7636444f45a5c6a22491d536d) Importer(815301076,1909f56bfc062723c751e8b465ee728b)  -> (artifact id: '99501ef56b773297c657c7d9a195da9a') in 0.092009 seconds 
========================================================================
Received Import Request.
  Time since last request: 1324.795573 seconds.
  path: Assets/04_Player/CostumImage/closet/Character_Move__Cl1.png
  artifactKey: Guid(46ea4db7636444f45a5c6a22491d536d) Importer(815301076,1909f56bfc062723c751e8b465ee728b)
Start importing Assets/04_Player/CostumImage/closet/Character_Move__Cl1.png using Guid(46ea4db7636444f45a5c6a22491d536d) Importer(815301076,1909f56bfc062723c751e8b465ee728b)  -> (artifact id: '8b87f79598e14afdb4a77cb64494aa57') in 0.101927 seconds 
========================================================================
Received Import Request.
  Time since last request: 400.292518 seconds.
  path: Assets/04_Player/CostumImage/closet/Character_Move__Cl2.png
  artifactKey: Guid(3e335cdaafb609141a169eec87bdcadb) Importer(815301076,1909f56bfc062723c751e8b465ee728b)
Start importing Assets/04_Player/CostumImage/closet/Character_Move__Cl2.png using Guid(3e335cdaafb609141a169eec87bdcadb) Importer(815301076,1909f56bfc062723c751e8b465ee728b)  -> (artifact id: 'abc04778323f759c8cb0c581f01f10e8') in 0.127272 seconds 
========================================================================
Received Prepare
Registering precompiled user dll's ...
Registered in 0.004912 seconds.
Begin MonoManager ReloadAssembly
Native extension for WindowsStandalone target not found
Native extension for WebGL target not found
Refreshing native plugins compatible for Editor in 0.60 ms, found 3 plugins.
Preloading 0 native plugins for Editor in 0.00 ms.
Mono: successfully reloaded assembly
- Completed reload, in 17.496 seconds
Domain Reload Profiling:
	ReloadAssembly (17500ms)
		BeginReloadAssembly (7025ms)
			ExecutionOrderSort (0ms)
			DisableScriptedObjects (17ms)
			BackupInstance (0ms)
			ReleaseScriptingObjects (0ms)
			CreateAndSetChildDomain (77ms)
		EndReloadAssembly (10419ms)
			LoadAssemblies (14310ms)
			RebuildTransferFunctionScriptingTraits (0ms)
			SetupTypeCache (600ms)
			ReleaseScriptCaches (1ms)
			RebuildScriptCaches (34ms)
			SetupLoadedEditorAssemblies (2254ms)
				LogAssemblyErrors (0ms)
				InitializePlatformSupportModulesInManaged (6ms)
				SetLoadedEditorAssemblies (0ms)
				RefreshPlugins (1ms)
				BeforeProcessingInitializeOnLoad (78ms)
				ProcessInitializeOnLoadAttributes (207ms)
				ProcessInitializeOnLoadMethodAttributes (1952ms)
				AfterProcessingInitializeOnLoad (10ms)
				EditorAssembliesLoaded (0ms)
			ExecutionOrderSort2 (0ms)
			AwakeInstancesAfterBackupRestoration (4ms)
Platform modules already initialized, skipping
Refreshing native plugins compatible for Editor in 0.49 ms, found 3 plugins.
Preloading 0 native plugins for Editor in 0.00 ms.
Unloading 2253 Unused Serialized files (Serialized files now loaded: 0)
System memory in use before: 105.1 MB.
System memory in use after: 105.2 MB.

Unloading 19 unused Assets to reduce memory usage. Loaded Objects now: 2762.
Total: 3.118400 ms (FindLiveObjects: 0.294700 ms CreateObjectMapping: 0.151600 ms MarkObjects: 2.572600 ms  DeleteObjects: 0.097800 ms)

AssetImportParameters requested are different than current active one (requested -> active):
  custom:framework-win-MediaFoundation: 216162199b28c13a410421893ffa2e32 -> 
  custom:video-decoder-ogg-theora: a1e56fd34408186e4bbccfd4996cb3dc -> 
  custom:container-muxer-webm: aa71ff27fc2769a1b78a27578f13a17b -> 
  custom:container-demuxer-webm: 4f35f7cbe854078d1ac9338744f61a02 -> 
  custom:container-demuxer-ogg: 62fdf1f143b41e24485cea50d1cbac27 -> 
  custom:video-encoder-webm-vp8: eb34c28f22e8b96e1ab97ce403110664 -> 
  custom:video-codec-MediaFoundation-h265: 746d11721c4dcdbdad8f713fa42b33f4 -> 
  custom:video-decoder-webm-vp8: 9c59270c3fd7afecdb556c50c9e8de78 -> 
  custom:audio-decoder-ogg-vorbis: bf7c407c2cedff20999df2af8eb42d56 -> 
  custom:audio-encoder-webm-vorbis: bf7c407c2cedff20999df2af8eb42d56 -> 
========================================================================
Received Import Request.
  Time since last request: 3279.346237 seconds.
  path: Assets/04_Player/CostumImage/closet/Character_Move__Cl4.png
  artifactKey: Guid(647a59719ccf59d4ba511ea98c259de9) Importer(815301076,1909f56bfc062723c751e8b465ee728b)
Start importing Assets/04_Player/CostumImage/closet/Character_Move__Cl4.png using Guid(647a59719ccf59d4ba511ea98c259de9) Importer(815301076,1909f56bfc062723c751e8b465ee728b)  -> (artifact id: '9c5ab39123a03427df8bcaa7bbc46ebf') in 0.138664 seconds 
========================================================================
Received Import Request.
  Time since last request: 145.098780 seconds.
  path: Assets/04_Player/CostumImage/closet/Character_Move_Cl3.png
  artifactKey: Guid(8701db73b164ec64690ffb8445de869c) Importer(815301076,1909f56bfc062723c751e8b465ee728b)
Start importing Assets/04_Player/CostumImage/closet/Character_Move_Cl3.png using Guid(8701db73b164ec64690ffb8445de869c) Importer(815301076,1909f56bfc062723c751e8b465ee728b)  -> (artifact id: 'a847384aad257dc77b4676aa493b060d') in 0.087016 seconds 
========================================================================
Received Import Request.
  Time since last request: 26.518537 seconds.
  path: Assets/04_Player/CostumImage/shoes/Character_Move_S1.png
  artifactKey: Guid(6ac7e448f5b5a6245a936ecfde8bdca9) Importer(815301076,1909f56bfc062723c751e8b465ee728b)
Start importing Assets/04_Player/CostumImage/shoes/Character_Move_S1.png using Guid(6ac7e448f5b5a6245a936ecfde8bdca9) Importer(815301076,1909f56bfc062723c751e8b465ee728b)  -> (artifact id: '428a59879a29d76b494b0ce56a7c1c92') in 0.032762 seconds 
========================================================================
Received Import Request.
  Time since last request: 0.000452 seconds.
  path: Assets/04_Player/CostumImage/shoes/Character_Move_S2.png
  artifactKey: Guid(cfa0c2fa7277b6c44b80024390a63e96) Importer(815301076,1909f56bfc062723c751e8b465ee728b)
Start importing Assets/04_Player/CostumImage/shoes/Character_Move_S2.png using Guid(cfa0c2fa7277b6c44b80024390a63e96) Importer(815301076,1909f56bfc062723c751e8b465ee728b)  -> (artifact id: '6c20212272aa1aa3e9012477b3904e78') in 0.041642 seconds 
========================================================================
Received Import Request.
  Time since last request: 0.000584 seconds.
  path: Assets/04_Player/CostumImage/shoes/Character_Move_S4.png
  artifactKey: Guid(f3f9442ce9fa65e4ebc25cd95be29801) Importer(815301076,1909f56bfc062723c751e8b465ee728b)
Start importing Assets/04_Player/CostumImage/shoes/Character_Move_S4.png using Guid(f3f9442ce9fa65e4ebc25cd95be29801) Importer(815301076,1909f56bfc062723c751e8b465ee728b)  -> (artifact id: 'ac6e5c89c2b8a2ba0642237c7f33c332') in 0.040364 seconds 
========================================================================
Received Import Request.
  Time since last request: 0.000396 seconds.
  path: Assets/04_Player/CostumImage/shoes/Character_Move_S3.png
  artifactKey: Guid(330b446f5a7bd7a439e6f77dc77575c4) Importer(815301076,1909f56bfc062723c751e8b465ee728b)
Start importing Assets/04_Player/CostumImage/shoes/Character_Move_S3.png using Guid(330b446f5a7bd7a439e6f77dc77575c4) Importer(815301076,1909f56bfc062723c751e8b465ee728b)  -> (artifact id: '18bb36209907b43b89974afdc30b8d76') in 0.039602 seconds 
========================================================================
Received Import Request.
  Time since last request: 2.080150 seconds.
  path: Assets/05_prefeb/inventory/Slot.prefab
  artifactKey: Guid(bf2adbbb2c333e24386ed9cbf2e8eecf) Importer(815301076,1909f56bfc062723c751e8b465ee728b)
Start importing Assets/05_prefeb/inventory/Slot.prefab using Guid(bf2adbbb2c333e24386ed9cbf2e8eecf) Importer(815301076,1909f56bfc062723c751e8b465ee728b)  -> (artifact id: '1ae5252a71c1b9174ffb18ff6ed4c99d') in 0.051815 seconds 
========================================================================
Received Import Request.
  Time since last request: 727.096132 seconds.
  path: Assets/04_Player/CostumImage/hair/Character_Move_hair1.png
  artifactKey: Guid(7464c0b0a432f294d8d412a640177ca3) Importer(815301076,1909f56bfc062723c751e8b465ee728b)
Start importing Assets/04_Player/CostumImage/hair/Character_Move_hair1.png using Guid(7464c0b0a432f294d8d412a640177ca3) Importer(815301076,1909f56bfc062723c751e8b465ee728b)  -> (artifact id: '5738806811fd0f5af7cf2f80949d43a1') in 0.075970 seconds 
========================================================================
Received Import Request.
  Time since last request: 423.859922 seconds.
  path: Assets/04_Player/CostumImage/hair/Character_Move_hair1.png
  artifactKey: Guid(7464c0b0a432f294d8d412a640177ca3) Importer(815301076,1909f56bfc062723c751e8b465ee728b)
Start importing Assets/04_Player/CostumImage/hair/Character_Move_hair1.png using Guid(7464c0b0a432f294d8d412a640177ca3) Importer(815301076,1909f56bfc062723c751e8b465ee728b)  -> (artifact id: 'da26224b4e9e08ee1402a140144750e6') in 0.068657 seconds 
========================================================================
Received Import Request.
  Time since last request: 10.262839 seconds.
  path: Assets/04_Player/CostumImage/hair/Character_Move_hair1.png
  artifactKey: Guid(7464c0b0a432f294d8d412a640177ca3) Importer(815301076,1909f56bfc062723c751e8b465ee728b)
Start importing Assets/04_Player/CostumImage/hair/Character_Move_hair1.png using Guid(7464c0b0a432f294d8d412a640177ca3) Importer(815301076,1909f56bfc062723c751e8b465ee728b)  -> (artifact id: '236bc6b0af97a8f6ee3b400ad3a06819') in 0.067920 seconds 
========================================================================
Received Import Request.
  Time since last request: 157.287135 seconds.
  path: Assets/04_Player/CostumImage/hair/Character_Move_hair1.png
  artifactKey: Guid(7464c0b0a432f294d8d412a640177ca3) Importer(815301076,1909f56bfc062723c751e8b465ee728b)
Start importing Assets/04_Player/CostumImage/hair/Character_Move_hair1.png using Guid(7464c0b0a432f294d8d412a640177ca3) Importer(815301076,1909f56bfc062723c751e8b465ee728b)  -> (artifact id: '82c40f9054d05528f7f225867958593a') in 0.067952 seconds 
========================================================================
Received Import Request.
  Time since last request: 206.617717 seconds.
  path: Assets/04_Player/CostumImage/hair/Character_Move_hair1.png
  artifactKey: Guid(7464c0b0a432f294d8d412a640177ca3) Importer(815301076,1909f56bfc062723c751e8b465ee728b)
Start importing Assets/04_Player/CostumImage/hair/Character_Move_hair1.png using Guid(7464c0b0a432f294d8d412a640177ca3) Importer(815301076,1909f56bfc062723c751e8b465ee728b)  -> (artifact id: '69dd54a0677ed4904ced230d01f80631') in 0.069642 seconds 
========================================================================
Received Import Request.
  Time since last request: 201.475049 seconds.
  path: Assets/04_Player/CostumImage/hair/Character_Move_hair2.png
  artifactKey: Guid(2916ff77ff4612b488b777f18fbf8c27) Importer(815301076,1909f56bfc062723c751e8b465ee728b)
Start importing Assets/04_Player/CostumImage/hair/Character_Move_hair2.png using Guid(2916ff77ff4612b488b777f18fbf8c27) Importer(815301076,1909f56bfc062723c751e8b465ee728b)  -> (artifact id: '771146995c66eae4a07fca6b93f6ee98') in 0.071148 seconds 
========================================================================
Received Import Request.
  Time since last request: 134.589528 seconds.
  path: Assets/04_Player/CostumImage/hair/Character_Move_hair3.png
  artifactKey: Guid(cc68a0185576a4e46a6bd99e41c1c7ac) Importer(815301076,1909f56bfc062723c751e8b465ee728b)
Start importing Assets/04_Player/CostumImage/hair/Character_Move_hair3.png using Guid(cc68a0185576a4e46a6bd99e41c1c7ac) Importer(815301076,1909f56bfc062723c751e8b465ee728b)  -> (artifact id: '4df4bce14bb954fa7d6ce7b33312a3a8') in 0.077767 seconds 
========================================================================
Received Import Request.
  Time since last request: 141.519087 seconds.
  path: Assets/04_Player/CostumImage/hair/Character_Move_hair4.png
  artifactKey: Guid(07b48895018a33642bfe9c827b49929e) Importer(815301076,1909f56bfc062723c751e8b465ee728b)
Start importing Assets/04_Player/CostumImage/hair/Character_Move_hair4.png using Guid(07b48895018a33642bfe9c827b49929e) Importer(815301076,1909f56bfc062723c751e8b465ee728b)  -> (artifact id: 'b0ff0ec79ffeba13dc3ae4d27a9764c0') in 0.070575 seconds 
========================================================================
Received Import Request.
  Time since last request: 9.720065 seconds.
  path: Assets/04_Player/CostumImage/hair/Character_Move_hair2.png
  artifactKey: Guid(2916ff77ff4612b488b777f18fbf8c27) Importer(815301076,1909f56bfc062723c751e8b465ee728b)
Start importing Assets/04_Player/CostumImage/hair/Character_Move_hair2.png using Guid(2916ff77ff4612b488b777f18fbf8c27) Importer(815301076,1909f56bfc062723c751e8b465ee728b)  -> (artifact id: '79b44b170814c0d37cf54ee0dffb7c94') in 0.058836 seconds 
========================================================================
Received Import Request.
  Time since last request: 5.487373 seconds.
  path: Assets/04_Player/CostumImage/hair/Character_Move_hair3.png
  artifactKey: Guid(cc68a0185576a4e46a6bd99e41c1c7ac) Importer(815301076,1909f56bfc062723c751e8b465ee728b)
Start importing Assets/04_Player/CostumImage/hair/Character_Move_hair3.png using Guid(cc68a0185576a4e46a6bd99e41c1c7ac) Importer(815301076,1909f56bfc062723c751e8b465ee728b)  -> (artifact id: 'd30cda1d8aa74580a212476aa7022c22') in 0.067274 seconds 
========================================================================
Received Import Request.
  Time since last request: 0.000215 seconds.
  path: Assets/04_Player/CostumImage/hair/Character_Move_hair4.png
  artifactKey: Guid(07b48895018a33642bfe9c827b49929e) Importer(815301076,1909f56bfc062723c751e8b465ee728b)
Start importing Assets/04_Player/CostumImage/hair/Character_Move_hair4.png using Guid(07b48895018a33642bfe9c827b49929e) Importer(815301076,1909f56bfc062723c751e8b465ee728b)  -> (artifact id: '5070b73202f3aa0c9a439d5a9e86a2c8') in 0.069081 seconds 
========================================================================
Received Import Request.
  Time since last request: 51.638562 seconds.
  path: Assets/04_Player/CostumImage/hair/Character_Move_hair4.png
  artifactKey: Guid(07b48895018a33642bfe9c827b49929e) Importer(815301076,1909f56bfc062723c751e8b465ee728b)
Start importing Assets/04_Player/CostumImage/hair/Character_Move_hair4.png using Guid(07b48895018a33642bfe9c827b49929e) Importer(815301076,1909f56bfc062723c751e8b465ee728b)  -> (artifact id: '319fa6b70505e3d507285a0e1019d03d') in 0.076085 seconds 
========================================================================
Received Import Request.
  Time since last request: 40.659579 seconds.
  path: Assets/04_Player/CostumImage/hair/Character_Move_hair4.png
  artifactKey: Guid(07b48895018a33642bfe9c827b49929e) Importer(815301076,1909f56bfc062723c751e8b465ee728b)
Start importing Assets/04_Player/CostumImage/hair/Character_Move_hair4.png using Guid(07b48895018a33642bfe9c827b49929e) Importer(815301076,1909f56bfc062723c751e8b465ee728b)  -> (artifact id: 'a4a00cd648b110e76e3a389a122a8f9e') in 0.073260 seconds 
========================================================================
Received Import Request.
  Time since last request: 33.604307 seconds.
  path: Assets/04_Player/CostumImage/face/Character_Move_eye1.png
  artifactKey: Guid(92a48f85c3058504da5ac199523dc059) Importer(815301076,1909f56bfc062723c751e8b465ee728b)
Start importing Assets/04_Player/CostumImage/face/Character_Move_eye1.png using Guid(92a48f85c3058504da5ac199523dc059) Importer(815301076,1909f56bfc062723c751e8b465ee728b)  -> (artifact id: 'f2669206b0e1ed3d4333bc4c066f3a7d') in 0.018943 seconds 
========================================================================
Received Import Request.
  Time since last request: 0.000240 seconds.
  path: Assets/04_Player/CostumImage/face/Character_Move_eye2.png
  artifactKey: Guid(e2f902055f197cf48a355bbdbe2c01b7) Importer(815301076,1909f56bfc062723c751e8b465ee728b)
Start importing Assets/04_Player/CostumImage/face/Character_Move_eye2.png using Guid(e2f902055f197cf48a355bbdbe2c01b7) Importer(815301076,1909f56bfc062723c751e8b465ee728b)  -> (artifact id: '3b77b5758d941c30c4fe2d1538a27a8f') in 0.023022 seconds 
========================================================================
Received Import Request.
  Time since last request: 0.000624 seconds.
  path: Assets/04_Player/CostumImage/face/Character_Move_eye3.png
  artifactKey: Guid(03fc6d4fd6efabf4ea2b58bd70771dae) Importer(815301076,1909f56bfc062723c751e8b465ee728b)
Start importing Assets/04_Player/CostumImage/face/Character_Move_eye3.png using Guid(03fc6d4fd6efabf4ea2b58bd70771dae) Importer(815301076,1909f56bfc062723c751e8b465ee728b)  -> (artifact id: '8bb58960d2a1949d697a5c5b3e79df80') in 0.022360 seconds 
========================================================================
Received Import Request.
  Time since last request: 0.000295 seconds.
  path: Assets/04_Player/CostumImage/face/Character_Move_eye4.png
  artifactKey: Guid(231cebc24c909d746884a67a68106df4) Importer(815301076,1909f56bfc062723c751e8b465ee728b)
Start importing Assets/04_Player/CostumImage/face/Character_Move_eye4.png using Guid(231cebc24c909d746884a67a68106df4) Importer(815301076,1909f56bfc062723c751e8b465ee728b)  -> (artifact id: 'b1bfe0c4a9bbf7c1e0337463518cfd3d') in 0.023624 seconds 
========================================================================
Received Import Request.
  Time since last request: 172.693235 seconds.
  path: Assets/04_Player/CostumImage/face/Character_Move_eye1.png
  artifactKey: Guid(92a48f85c3058504da5ac199523dc059) Importer(815301076,1909f56bfc062723c751e8b465ee728b)
Start importing Assets/04_Player/CostumImage/face/Character_Move_eye1.png using Guid(92a48f85c3058504da5ac199523dc059) Importer(815301076,1909f56bfc062723c751e8b465ee728b)  -> (artifact id: '81712f6b979b7d162bac74393dee07e1') in 0.039126 seconds 
========================================================================
Received Import Request.
  Time since last request: 270.393992 seconds.
  path: Assets/04_Player/CostumImage/face/Character_Move_eye2.png
  artifactKey: Guid(e2f902055f197cf48a355bbdbe2c01b7) Importer(815301076,1909f56bfc062723c751e8b465ee728b)
Start importing Assets/04_Player/CostumImage/face/Character_Move_eye2.png using Guid(e2f902055f197cf48a355bbdbe2c01b7) Importer(815301076,1909f56bfc062723c751e8b465ee728b)  -> (artifact id: 'f3226cd7614f817650393f4a4b332bf0') in 0.050859 seconds 
========================================================================
Received Import Request.
  Time since last request: 98.570970 seconds.
  path: Assets/04_Player/CostumImage/face/Character_Move_eye3.png
  artifactKey: Guid(03fc6d4fd6efabf4ea2b58bd70771dae) Importer(815301076,1909f56bfc062723c751e8b465ee728b)
Start importing Assets/04_Player/CostumImage/face/Character_Move_eye3.png using Guid(03fc6d4fd6efabf4ea2b58bd70771dae) Importer(815301076,1909f56bfc062723c751e8b465ee728b)  -> (artifact id: 'a5c0bdd6b7fed3688e9ec200d064a0b5') in 0.048039 seconds 
========================================================================
Received Import Request.
  Time since last request: 188.959984 seconds.
  path: Assets/04_Player/CostumImage/face/Character_Move_eye4.png
  artifactKey: Guid(231cebc24c909d746884a67a68106df4) Importer(815301076,1909f56bfc062723c751e8b465ee728b)
Start importing Assets/04_Player/CostumImage/face/Character_Move_eye4.png using Guid(231cebc24c909d746884a67a68106df4) Importer(815301076,1909f56bfc062723c751e8b465ee728b)  -> (artifact id: '00894344c915be3d0e8be84396d7f811') in 0.046589 seconds 
========================================================================
Received Import Request.
  Time since last request: 25.726779 seconds.
  path: Assets/04_Player/CostumImage/closet/Character_Move__Cl4.png
  artifactKey: Guid(647a59719ccf59d4ba511ea98c259de9) Importer(815301076,1909f56bfc062723c751e8b465ee728b)
Start importing Assets/04_Player/CostumImage/closet/Character_Move__Cl4.png using Guid(647a59719ccf59d4ba511ea98c259de9) Importer(815301076,1909f56bfc062723c751e8b465ee728b)  -> (artifact id: 'dac6992e5b859fe0d67737daa7a74050') in 0.066487 seconds 
========================================================================
Received Import Request.
  Time since last request: 48.580718 seconds.
  path: Assets/04_Player/CostumImage/closet/Character_Move__Cl4.png
  artifactKey: Guid(647a59719ccf59d4ba511ea98c259de9) Importer(815301076,1909f56bfc062723c751e8b465ee728b)
Start importing Assets/04_Player/CostumImage/closet/Character_Move__Cl4.png using Guid(647a59719ccf59d4ba511ea98c259de9) Importer(815301076,1909f56bfc062723c751e8b465ee728b)  -> (artifact id: 'df997768536fd5f8b0b7582dfcce31eb') in 0.071597 seconds 
========================================================================
Received Import Request.
  Time since last request: 212.522860 seconds.
  path: Assets/04_Player/CostumImage/shoes/Character_Move_S1.png
  artifactKey: Guid(6ac7e448f5b5a6245a936ecfde8bdca9) Importer(815301076,1909f56bfc062723c751e8b465ee728b)
Start importing Assets/04_Player/CostumImage/shoes/Character_Move_S1.png using Guid(6ac7e448f5b5a6245a936ecfde8bdca9) Importer(815301076,1909f56bfc062723c751e8b465ee728b)  -> (artifact id: 'e1fd39127f6a97ce26f76888e1ee3b41') in 0.037758 seconds 
========================================================================
Received Import Request.
  Time since last request: 9.042477 seconds.
  path: Assets/04_Player/CostumImage/shoes/Character_Move_S1.png
  artifactKey: Guid(6ac7e448f5b5a6245a936ecfde8bdca9) Importer(815301076,1909f56bfc062723c751e8b465ee728b)
Start importing Assets/04_Player/CostumImage/shoes/Character_Move_S1.png using Guid(6ac7e448f5b5a6245a936ecfde8bdca9) Importer(815301076,1909f56bfc062723c751e8b465ee728b)  -> (artifact id: '85b3a2546285b1482dbf8abf4c547814') in 0.036087 seconds 
========================================================================
Received Import Request.
  Time since last request: 8.646382 seconds.
  path: Assets/04_Player/CostumImage/shoes/Character_Move_S2.png
  artifactKey: Guid(cfa0c2fa7277b6c44b80024390a63e96) Importer(815301076,1909f56bfc062723c751e8b465ee728b)
Start importing Assets/04_Player/CostumImage/shoes/Character_Move_S2.png using Guid(cfa0c2fa7277b6c44b80024390a63e96) Importer(815301076,1909f56bfc062723c751e8b465ee728b)  -> (artifact id: '4d82f0282b6f30f5ee2d142953409941') in 0.020932 seconds 
========================================================================
Received Import Request.
  Time since last request: 0.000531 seconds.
  path: Assets/04_Player/CostumImage/shoes/Character_Move_S4.png
  artifactKey: Guid(f3f9442ce9fa65e4ebc25cd95be29801) Importer(815301076,1909f56bfc062723c751e8b465ee728b)
Start importing Assets/04_Player/CostumImage/shoes/Character_Move_S4.png using Guid(f3f9442ce9fa65e4ebc25cd95be29801) Importer(815301076,1909f56bfc062723c751e8b465ee728b)  -> (artifact id: '425532d06fdda930339c279e8f5a049e') in 0.013250 seconds 
========================================================================
Received Import Request.
  Time since last request: 0.000325 seconds.
  path: Assets/04_Player/CostumImage/shoes/Character_Move_S3.png
  artifactKey: Guid(330b446f5a7bd7a439e6f77dc77575c4) Importer(815301076,1909f56bfc062723c751e8b465ee728b)
Start importing Assets/04_Player/CostumImage/shoes/Character_Move_S3.png using Guid(330b446f5a7bd7a439e6f77dc77575c4) Importer(815301076,1909f56bfc062723c751e8b465ee728b)  -> (artifact id: '97f41ecebde6258463b54bd04a2cd4db') in 0.023070 seconds 
========================================================================
Received Import Request.
  Time since last request: 82.091575 seconds.
  path: Assets/04_Player/CostumImage/shoes/Character_Move_S2.png
  artifactKey: Guid(cfa0c2fa7277b6c44b80024390a63e96) Importer(815301076,1909f56bfc062723c751e8b465ee728b)
Start importing Assets/04_Player/CostumImage/shoes/Character_Move_S2.png using Guid(cfa0c2fa7277b6c44b80024390a63e96) Importer(815301076,1909f56bfc062723c751e8b465ee728b)  -> (artifact id: 'fd1cd4b8d4baa2c21ba92176f31f8a7c') in 0.043677 seconds 
========================================================================
Received Import Request.
  Time since last request: 91.237454 seconds.
  path: Assets/04_Player/CostumImage/shoes/Character_Move_S3.png
  artifactKey: Guid(330b446f5a7bd7a439e6f77dc77575c4) Importer(815301076,1909f56bfc062723c751e8b465ee728b)
Start importing Assets/04_Player/CostumImage/shoes/Character_Move_S3.png using Guid(330b446f5a7bd7a439e6f77dc77575c4) Importer(815301076,1909f56bfc062723c751e8b465ee728b)  -> (artifact id: 'e7a8dbb05379037e7aa9847c9dadd465') in 0.042691 seconds 
========================================================================
Received Import Request.
  Time since last request: 102.116615 seconds.
  path: Assets/04_Player/CostumImage/shoes/Character_Move_S4.png
  artifactKey: Guid(f3f9442ce9fa65e4ebc25cd95be29801) Importer(815301076,1909f56bfc062723c751e8b465ee728b)
Start importing Assets/04_Player/CostumImage/shoes/Character_Move_S4.png using Guid(f3f9442ce9fa65e4ebc25cd95be29801) Importer(815301076,1909f56bfc062723c751e8b465ee728b)  -> (artifact id: 'e0fc35ad9d97c7fc1130e9dfed6b274d') in 0.045846 seconds 
========================================================================
Received Import Request.
  Time since last request: 59.418969 seconds.
  path: Assets/04_Player/CostumImage/closet/Character_Move_Cl3.png
  artifactKey: Guid(8701db73b164ec64690ffb8445de869c) Importer(815301076,1909f56bfc062723c751e8b465ee728b)
Start importing Assets/04_Player/CostumImage/closet/Character_Move_Cl3.png using Guid(8701db73b164ec64690ffb8445de869c) Importer(815301076,1909f56bfc062723c751e8b465ee728b)  -> (artifact id: '2abd2df0cac6a8edb64e9c516869ea3e') in 0.065823 seconds 
========================================================================
Received Import Request.
  Time since last request: 172.304869 seconds.
  path: Assets/04_Player/Animation/customizing/Closet/C1/Character_Move__Cl1_0 1.controller
  artifactKey: Guid(13c2aa6cbfff0d14cbc315a93cf35102) Importer(815301076,1909f56bfc062723c751e8b465ee728b)
Start importing Assets/04_Player/Animation/customizing/Closet/C1/Character_Move__Cl1_0 1.controller using Guid(13c2aa6cbfff0d14cbc315a93cf35102) Importer(815301076,1909f56bfc062723c751e8b465ee728b)  -> (artifact id: 'd533becf736cfedd81e5254548ca99d2') in 0.047258 seconds 
========================================================================
Received Import Request.
  Time since last request: 2.388201 seconds.
  path: Assets/04_Player/Animation/customizing/Closet/C1/Character_Move__Cl1_0 (1).controller
  artifactKey: Guid(45190722a4d05b146aa8bce228196972) Importer(815301076,1909f56bfc062723c751e8b465ee728b)
Start importing Assets/04_Player/Animation/customizing/Closet/C1/Character_Move__Cl1_0 (1).controller using Guid(45190722a4d05b146aa8bce228196972) Importer(815301076,1909f56bfc062723c751e8b465ee728b)  -> (artifact id: '2883d00e4bd8cc4231b216495219bc67') in 0.033338 seconds 
AssetImportWorkerClient::OnTransportError - code=2 error=End of file
