Using pre-set license
Built from '2020.3/staging' branch; Version is '2020.3.37f1 (8c66806a0c04) revision 9201280'; Using compiler version '192528614'; Build Type 'Release'
OS: 'Windows 10  (10.0.19044) 64bit Core' Language: 'ko' Physical Memory: 3955 MB
BatchMode: 1, IsHumanControllingUs: 0, StartBugReporterOnCrash: 0, Is64bit: 1, IsPro: 0

COMMAND LINE ARGUMENTS:
C:\Program Files\Unity\Hub\Editor\2020.3.37f1\Editor\Unity.exe
-adb2
-batchMode
-noUpm
-name
AssetImportWorker0
-projectPath
C:/Nongae/SomniumISland/SOMNIUM_ISLAND
-logFile
Logs/AssetImportWorker0.log
-srvPort
56359
Successfully changed project path to: C:/Nongae/SomniumISland/SOMNIUM_ISLAND
C:/Nongae/SomniumISland/SOMNIUM_ISLAND
Using Asset Import Pipeline V2.
Refreshing native plugins compatible for Editor in 219.87 ms, found 3 plugins.
Preloading 0 native plugins for Editor in 0.00 ms.
Initialize engine version: 2020.3.37f1 (8c66806a0c04)
[Subsystems] Discovering subsystems at path C:/Program Files/Unity/Hub/Editor/2020.3.37f1/Editor/Data/Resources/UnitySubsystems
[Subsystems] Discovering subsystems at path C:/Nongae/SomniumISland/SOMNIUM_ISLAND/Assets
GfxDevice: creating device client; threaded=0
Direct3D:
    Version:  Direct3D 11.0 [level 11.1]
    Renderer: Intel(R) HD Graphics 610 (ID=0x5906)
    Vendor:   
    VRAM:     1977 MB
    Driver:   23.20.16.4849
Initialize mono
Mono path[0] = 'C:/Program Files/Unity/Hub/Editor/2020.3.37f1/Editor/Data/Managed'
Mono path[1] = 'C:/Program Files/Unity/Hub/Editor/2020.3.37f1/Editor/Data/MonoBleedingEdge/lib/mono/unityjit'
Mono config path = 'C:/Program Files/Unity/Hub/Editor/2020.3.37f1/Editor/Data/MonoBleedingEdge/etc'
Using monoOptions --debugger-agent=transport=dt_socket,embedding=1,server=y,suspend=n,address=127.0.0.1:56856
Begin MonoManager ReloadAssembly
Registering precompiled unity dll's ...
Register platform support module: C:/Program Files/Unity/Hub/Editor/2020.3.37f1/Editor/Data/PlaybackEngines/WindowsStandaloneSupport/UnityEditor.WindowsStandalone.Extensions.dll
Registered in 0.233409 seconds.
Native extension for WindowsStandalone target not found
Refreshing native plugins compatible for Editor in 314.71 ms, found 3 plugins.
Preloading 0 native plugins for Editor in 0.00 ms.
Mono: successfully reloaded assembly
- Completed reload, in  3.088 seconds
Domain Reload Profiling:
	ReloadAssembly (3089ms)
		BeginReloadAssembly (329ms)
			ExecutionOrderSort (0ms)
			DisableScriptedObjects (0ms)
			BackupInstance (0ms)
			ReleaseScriptingObjects (0ms)
			CreateAndSetChildDomain (4ms)
		EndReloadAssembly (2165ms)
			LoadAssemblies (319ms)
			RebuildTransferFunctionScriptingTraits (0ms)
			SetupTypeCache (669ms)
			ReleaseScriptCaches (0ms)
			RebuildScriptCaches (53ms)
			SetupLoadedEditorAssemblies (956ms)
				LogAssemblyErrors (0ms)
				InitializePlatformSupportModulesInManaged (15ms)
				SetLoadedEditorAssemblies (2ms)
				RefreshPlugins (315ms)
				BeforeProcessingInitializeOnLoad (90ms)
				ProcessInitializeOnLoadAttributes (418ms)
				ProcessInitializeOnLoadMethodAttributes (116ms)
				AfterProcessingInitializeOnLoad (0ms)
				EditorAssembliesLoaded (0ms)
			ExecutionOrderSort2 (0ms)
			AwakeInstancesAfterBackupRestoration (0ms)
Platform modules already initialized, skipping
Registering precompiled user dll's ...
Registered in 0.006464 seconds.
Begin MonoManager ReloadAssembly
Native extension for WindowsStandalone target not found
Refreshing native plugins compatible for Editor in 107.71 ms, found 3 plugins.
Preloading 0 native plugins for Editor in 0.00 ms.
Mono: successfully reloaded assembly
- Completed reload, in  2.530 seconds
Domain Reload Profiling:
	ReloadAssembly (2532ms)
		BeginReloadAssembly (305ms)
			ExecutionOrderSort (0ms)
			DisableScriptedObjects (7ms)
			BackupInstance (0ms)
			ReleaseScriptingObjects (0ms)
			CreateAndSetChildDomain (29ms)
		EndReloadAssembly (2082ms)
			LoadAssemblies (331ms)
			RebuildTransferFunctionScriptingTraits (0ms)
			SetupTypeCache (581ms)
			ReleaseScriptCaches (1ms)
			RebuildScriptCaches (77ms)
			SetupLoadedEditorAssemblies (924ms)
				LogAssemblyErrors (0ms)
				InitializePlatformSupportModulesInManaged (6ms)
				SetLoadedEditorAssemblies (0ms)
				RefreshPlugins (108ms)
				BeforeProcessingInitializeOnLoad (152ms)
				ProcessInitializeOnLoadAttributes (599ms)
				ProcessInitializeOnLoadMethodAttributes (47ms)
				AfterProcessingInitializeOnLoad (12ms)
				EditorAssembliesLoaded (0ms)
			ExecutionOrderSort2 (0ms)
			AwakeInstancesAfterBackupRestoration (3ms)
Platform modules already initialized, skipping
========================================================================
Worker process is ready to serve import requests
Launched and connected shader compiler UnityShaderCompiler.exe after 0.13 seconds
Refreshing native plugins compatible for Editor in 0.95 ms, found 3 plugins.
Preloading 0 native plugins for Editor in 0.00 ms.
Unloading 2214 Unused Serialized files (Serialized files now loaded: 0)
System memory in use before: 99.8 MB.
System memory in use after: 99.7 MB.

Unloading 31 unused Assets to reduce memory usage. Loaded Objects now: 2649.
Total: 7.405700 ms (FindLiveObjects: 0.416400 ms CreateObjectMapping: 0.274800 ms MarkObjects: 6.387900 ms  DeleteObjects: 0.323900 ms)

AssetImportParameters requested are different than current active one (requested -> active):
  custom:framework-win-MediaFoundation: 216162199b28c13a410421893ffa2e32 -> 
  custom:video-decoder-ogg-theora: a1e56fd34408186e4bbccfd4996cb3dc -> 
  custom:container-muxer-webm: aa71ff27fc2769a1b78a27578f13a17b -> 
  custom:container-demuxer-webm: 4f35f7cbe854078d1ac9338744f61a02 -> 
  custom:container-demuxer-ogg: 62fdf1f143b41e24485cea50d1cbac27 -> 
  custom:video-encoder-webm-vp8: eb34c28f22e8b96e1ab97ce403110664 -> 
  custom:video-decoder-webm-vp8: 9c59270c3fd7afecdb556c50c9e8de78 -> 
  custom:audio-decoder-ogg-vorbis: bf7c407c2cedff20999df2af8eb42d56 -> 
  custom:audio-encoder-webm-vorbis: bf7c407c2cedff20999df2af8eb42d56 -> 
========================================================================
Received Import Request.
  path: Assets/Scenes/Plaza.unity
  artifactKey: Guid(f7f8c942cf4f29545b9a3a4d75f8f796) Importer(815301076,1909f56bfc062723c751e8b465ee728b)
Start importing Assets/Scenes/Plaza.unity using Guid(f7f8c942cf4f29545b9a3a4d75f8f796) Importer(815301076,1909f56bfc062723c751e8b465ee728b)  -> (artifact id: 'e55be29520f7bab121e9fc62becaa4fb') in 0.030356 seconds 
========================================================================
Received Prepare
Registering precompiled user dll's ...
Registered in 0.005339 seconds.
Begin MonoManager ReloadAssembly
Native extension for WindowsStandalone target not found
Refreshing native plugins compatible for Editor in 0.80 ms, found 3 plugins.
Preloading 0 native plugins for Editor in 0.00 ms.
Mono: successfully reloaded assembly
- Completed reload, in  2.001 seconds
Domain Reload Profiling:
	ReloadAssembly (2002ms)
		BeginReloadAssembly (229ms)
			ExecutionOrderSort (0ms)
			DisableScriptedObjects (12ms)
			BackupInstance (0ms)
			ReleaseScriptingObjects (0ms)
			CreateAndSetChildDomain (59ms)
		EndReloadAssembly (1623ms)
			LoadAssemblies (227ms)
			RebuildTransferFunctionScriptingTraits (0ms)
			SetupTypeCache (582ms)
			ReleaseScriptCaches (1ms)
			RebuildScriptCaches (73ms)
			SetupLoadedEditorAssemblies (623ms)
				LogAssemblyErrors (0ms)
				InitializePlatformSupportModulesInManaged (7ms)
				SetLoadedEditorAssemblies (1ms)
				RefreshPlugins (1ms)
				BeforeProcessingInitializeOnLoad (195ms)
				ProcessInitializeOnLoadAttributes (377ms)
				ProcessInitializeOnLoadMethodAttributes (27ms)
				AfterProcessingInitializeOnLoad (14ms)
				EditorAssembliesLoaded (0ms)
			ExecutionOrderSort2 (0ms)
			AwakeInstancesAfterBackupRestoration (8ms)
Platform modules already initialized, skipping
Refreshing native plugins compatible for Editor in 1.82 ms, found 3 plugins.
Preloading 0 native plugins for Editor in 0.00 ms.
Unloading 2209 Unused Serialized files (Serialized files now loaded: 0)
System memory in use before: 99.7 MB.
System memory in use after: 99.7 MB.

Unloading 20 unused Assets to reduce memory usage. Loaded Objects now: 2652.
Total: 13.104300 ms (FindLiveObjects: 1.568400 ms CreateObjectMapping: 0.833500 ms MarkObjects: 10.367500 ms  DeleteObjects: 0.329800 ms)

AssetImportParameters requested are different than current active one (requested -> active):
  custom:framework-win-MediaFoundation: 216162199b28c13a410421893ffa2e32 -> 
  custom:video-decoder-ogg-theora: a1e56fd34408186e4bbccfd4996cb3dc -> 
  custom:container-muxer-webm: aa71ff27fc2769a1b78a27578f13a17b -> 
  custom:container-demuxer-webm: 4f35f7cbe854078d1ac9338744f61a02 -> 
  custom:container-demuxer-ogg: 62fdf1f143b41e24485cea50d1cbac27 -> 
  custom:video-encoder-webm-vp8: eb34c28f22e8b96e1ab97ce403110664 -> 
  custom:video-decoder-webm-vp8: 9c59270c3fd7afecdb556c50c9e8de78 -> 
  custom:audio-decoder-ogg-vorbis: bf7c407c2cedff20999df2af8eb42d56 -> 
  custom:audio-encoder-webm-vorbis: bf7c407c2cedff20999df2af8eb42d56 -> 
========================================================================
Received Import Request.
  Time since last request: 927.358371 seconds.
  path: Assets/Maps/map_Buildings.png
  artifactKey: Guid(5c5bb5cc62c8fd546854ced8e026e174) Importer(815301076,1909f56bfc062723c751e8b465ee728b)
Start importing Assets/Maps/map_Buildings.png using Guid(5c5bb5cc62c8fd546854ced8e026e174) Importer(815301076,1909f56bfc062723c751e8b465ee728b)  -> (artifact id: '308a30b5c01f8cefc6d3fd2143c107e9') in 0.294607 seconds 
========================================================================
Received Import Request.
  Time since last request: 36.815792 seconds.
  path: Assets/Maps/map_Buildings.png
  artifactKey: Guid(5c5bb5cc62c8fd546854ced8e026e174) Importer(815301076,1909f56bfc062723c751e8b465ee728b)
Start importing Assets/Maps/map_Buildings.png using Guid(5c5bb5cc62c8fd546854ced8e026e174) Importer(815301076,1909f56bfc062723c751e8b465ee728b)  -> (artifact id: 'dfb0359c9f904f6ed0195c6f4db43ad7') in 0.050939 seconds 
========================================================================
Received Import Request.
  Time since last request: 40.021802 seconds.
  path: Assets/Maps/map_Buildings.png
  artifactKey: Guid(5c5bb5cc62c8fd546854ced8e026e174) Importer(815301076,1909f56bfc062723c751e8b465ee728b)
Start importing Assets/Maps/map_Buildings.png using Guid(5c5bb5cc62c8fd546854ced8e026e174) Importer(815301076,1909f56bfc062723c751e8b465ee728b)  -> (artifact id: '4e3ffca625e46ebf519bcd595cb193ea') in 0.245042 seconds 
========================================================================
Received Import Request.
  Time since last request: 309.972970 seconds.
  path: Assets/Maps/map_Buildings.png
  artifactKey: Guid(5c5bb5cc62c8fd546854ced8e026e174) Importer(815301076,1909f56bfc062723c751e8b465ee728b)
Start importing Assets/Maps/map_Buildings.png using Guid(5c5bb5cc62c8fd546854ced8e026e174) Importer(815301076,1909f56bfc062723c751e8b465ee728b)  -> (artifact id: '844308ef8ca1d165cf6b0ab57d0a250c') in 0.247043 seconds 
========================================================================
Received Import Request.
  Time since last request: 328.688901 seconds.
  path: Assets/Maps/map_Buildings.png
  artifactKey: Guid(5c5bb5cc62c8fd546854ced8e026e174) Importer(815301076,1909f56bfc062723c751e8b465ee728b)
Start importing Assets/Maps/map_Buildings.png using Guid(5c5bb5cc62c8fd546854ced8e026e174) Importer(815301076,1909f56bfc062723c751e8b465ee728b)  -> (artifact id: 'ecbd4ccd25ef22dfe65ace8039ef40d6') in 0.367207 seconds 
========================================================================
Received Import Request.
  Time since last request: 58.067116 seconds.
  path: Assets/Maps/map_Buildings.png
  artifactKey: Guid(5c5bb5cc62c8fd546854ced8e026e174) Importer(815301076,1909f56bfc062723c751e8b465ee728b)
Start importing Assets/Maps/map_Buildings.png using Guid(5c5bb5cc62c8fd546854ced8e026e174) Importer(815301076,1909f56bfc062723c751e8b465ee728b)  -> (artifact id: '60c55b041f86b4d6294dce629a960aa0') in 0.391475 seconds 
========================================================================
Received Import Request.
  Time since last request: 213.922317 seconds.
  path: Assets/Maps/map_Buildings.png
  artifactKey: Guid(5c5bb5cc62c8fd546854ced8e026e174) Importer(815301076,1909f56bfc062723c751e8b465ee728b)
Start importing Assets/Maps/map_Buildings.png using Guid(5c5bb5cc62c8fd546854ced8e026e174) Importer(815301076,1909f56bfc062723c751e8b465ee728b)  -> (artifact id: '51ee367a3868967301a0f4db24cbf815') in 0.375238 seconds 
========================================================================
Received Import Request.
  Time since last request: 15.971963 seconds.
  path: Assets/Maps/map_Buildings.png
  artifactKey: Guid(5c5bb5cc62c8fd546854ced8e026e174) Importer(815301076,1909f56bfc062723c751e8b465ee728b)
Start importing Assets/Maps/map_Buildings.png using Guid(5c5bb5cc62c8fd546854ced8e026e174) Importer(815301076,1909f56bfc062723c751e8b465ee728b)  -> (artifact id: '8f431b763fa3178f7813c6535ad81f2c') in 0.318174 seconds 
========================================================================
Received Import Request.
  Time since last request: 427.460076 seconds.
  path: Assets/Maps/map_Buildings.png
  artifactKey: Guid(5c5bb5cc62c8fd546854ced8e026e174) Importer(815301076,1909f56bfc062723c751e8b465ee728b)
Start importing Assets/Maps/map_Buildings.png using Guid(5c5bb5cc62c8fd546854ced8e026e174) Importer(815301076,1909f56bfc062723c751e8b465ee728b)  -> (artifact id: '3eddd758a0d9bf7e71f3be242090b6da') in 0.283649 seconds 
========================================================================
Received Import Request.
  Time since last request: 210.373220 seconds.
  path: Assets/Maps/map_Buildings.png
  artifactKey: Guid(5c5bb5cc62c8fd546854ced8e026e174) Importer(815301076,1909f56bfc062723c751e8b465ee728b)
Start importing Assets/Maps/map_Buildings.png using Guid(5c5bb5cc62c8fd546854ced8e026e174) Importer(815301076,1909f56bfc062723c751e8b465ee728b)  -> (artifact id: 'f203a1ef809e2606f59909e7c3151140') in 0.285751 seconds 
========================================================================
Received Import Request.
  Time since last request: 66.732553 seconds.
  path: Assets/Maps/map_Buildings.png
  artifactKey: Guid(5c5bb5cc62c8fd546854ced8e026e174) Importer(815301076,1909f56bfc062723c751e8b465ee728b)
Start importing Assets/Maps/map_Buildings.png using Guid(5c5bb5cc62c8fd546854ced8e026e174) Importer(815301076,1909f56bfc062723c751e8b465ee728b)  -> (artifact id: 'b07f45c22a12f690d7bca701ffedca88') in 0.462296 seconds 
========================================================================
Received Import Request.
  Time since last request: 33.066092 seconds.
  path: Assets/Maps/map_Buildings.png
  artifactKey: Guid(5c5bb5cc62c8fd546854ced8e026e174) Importer(815301076,1909f56bfc062723c751e8b465ee728b)
Start importing Assets/Maps/map_Buildings.png using Guid(5c5bb5cc62c8fd546854ced8e026e174) Importer(815301076,1909f56bfc062723c751e8b465ee728b)  -> (artifact id: 'f92f315c60a1c1c57c0d72ad656d54ad') in 0.325132 seconds 
========================================================================
Received Import Request.
  Time since last request: 40.342341 seconds.
  path: Assets/Maps/map_Buildings 1.png
  artifactKey: Guid(f5d5abb4f058e4342a2a6ae0f3503d67) Importer(815301076,1909f56bfc062723c751e8b465ee728b)
Start importing Assets/Maps/map_Buildings 1.png using Guid(f5d5abb4f058e4342a2a6ae0f3503d67) Importer(815301076,1909f56bfc062723c751e8b465ee728b)  -> (artifact id: 'd6f2aaca671c435587f12a3091ec1a90') in 0.046224 seconds 
========================================================================
Received Import Request.
  Time since last request: 56.766327 seconds.
  path: Assets/Maps/map_Buildings 1.png
  artifactKey: Guid(f5d5abb4f058e4342a2a6ae0f3503d67) Importer(815301076,1909f56bfc062723c751e8b465ee728b)
Start importing Assets/Maps/map_Buildings 1.png using Guid(f5d5abb4f058e4342a2a6ae0f3503d67) Importer(815301076,1909f56bfc062723c751e8b465ee728b)  -> (artifact id: '4f4b5fbd12964e70ab52fc32a45b4544') in 0.216367 seconds 
========================================================================
Received Import Request.
  Time since last request: 120.141492 seconds.
  path: Assets/Maps/map_Buildings 1.png
  artifactKey: Guid(f5d5abb4f058e4342a2a6ae0f3503d67) Importer(815301076,1909f56bfc062723c751e8b465ee728b)
Start importing Assets/Maps/map_Buildings 1.png using Guid(f5d5abb4f058e4342a2a6ae0f3503d67) Importer(815301076,1909f56bfc062723c751e8b465ee728b)  -> (artifact id: '32f2488d344efeda0f930446cbbe6be9') in 0.203202 seconds 
========================================================================
Received Import Request.
  Time since last request: 324.411001 seconds.
  path: Assets/Maps/map_Buildings.png
  artifactKey: Guid(5c5bb5cc62c8fd546854ced8e026e174) Importer(815301076,1909f56bfc062723c751e8b465ee728b)
Start importing Assets/Maps/map_Buildings.png using Guid(5c5bb5cc62c8fd546854ced8e026e174) Importer(815301076,1909f56bfc062723c751e8b465ee728b)  -> (artifact id: 'fc78c602ba9eaf731229e19d4a9025ca') in 0.178779 seconds 
========================================================================
Received Import Request.
  Time since last request: 8.999180 seconds.
  path: Assets/Maps/map_Buildings.png
  artifactKey: Guid(5c5bb5cc62c8fd546854ced8e026e174) Importer(815301076,1909f56bfc062723c751e8b465ee728b)
Start importing Assets/Maps/map_Buildings.png using Guid(5c5bb5cc62c8fd546854ced8e026e174) Importer(815301076,1909f56bfc062723c751e8b465ee728b)  -> (artifact id: '1ebed9bc788d57035e9dc83f79e46826') in 0.161159 seconds 
========================================================================
Received Import Request.
  Time since last request: 305.108302 seconds.
  path: Assets/M Studio/Art/Buildings/Hotel/Materials/Hotel_Flower@20.mat
  artifactKey: Guid(460e8dbc723b6d84c9efab973b7a03f2) Importer(815301076,1909f56bfc062723c751e8b465ee728b)
Start importing Assets/M Studio/Art/Buildings/Hotel/Materials/Hotel_Flower@20.mat using Guid(460e8dbc723b6d84c9efab973b7a03f2) Importer(815301076,1909f56bfc062723c751e8b465ee728b)  -> (artifact id: 'ad41ca812b029d54e3d59725db226bd8') in 1.143174 seconds 
========================================================================
Received Import Request.
  Time since last request: 14.027895 seconds.
  path: Assets/M Studio/Art/Buildings/HouseTile
  artifactKey: Guid(92feb94f638b046119ad71e114e6cb97) Importer(815301076,1909f56bfc062723c751e8b465ee728b)
Start importing Assets/M Studio/Art/Buildings/HouseTile using Guid(92feb94f638b046119ad71e114e6cb97) Importer(815301076,1909f56bfc062723c751e8b465ee728b)  -> (artifact id: '6c9405417af7de30d1555a500679e7b8') in 0.035390 seconds 
========================================================================
Received Import Request.
  Time since last request: 2.306019 seconds.
  path: Assets/M Studio/Art/Buildings/Stall
  artifactKey: Guid(016e3bd4922cf4b8992f5422dc4f6217) Importer(815301076,1909f56bfc062723c751e8b465ee728b)
Start importing Assets/M Studio/Art/Buildings/Stall using Guid(016e3bd4922cf4b8992f5422dc4f6217) Importer(815301076,1909f56bfc062723c751e8b465ee728b)  -> (artifact id: '584fb4ee72ef189c92ea4d646a5a685f') in 0.059647 seconds 
========================================================================
Received Import Request.
  Time since last request: 70.633458 seconds.
  path: Assets/Maps/map_Buildings.png
  artifactKey: Guid(5c5bb5cc62c8fd546854ced8e026e174) Importer(815301076,1909f56bfc062723c751e8b465ee728b)
Start importing Assets/Maps/map_Buildings.png using Guid(5c5bb5cc62c8fd546854ced8e026e174) Importer(815301076,1909f56bfc062723c751e8b465ee728b)  -> (artifact id: '7399d5ae860fbdd9f2134f9d017e6279') in 0.202563 seconds 
========================================================================
Received Import Request.
  Time since last request: 7.273884 seconds.
  path: Assets/Maps/map_Buildings.png
  artifactKey: Guid(5c5bb5cc62c8fd546854ced8e026e174) Importer(815301076,1909f56bfc062723c751e8b465ee728b)
Start importing Assets/Maps/map_Buildings.png using Guid(5c5bb5cc62c8fd546854ced8e026e174) Importer(815301076,1909f56bfc062723c751e8b465ee728b)  -> (artifact id: '01073d29fd932cdc5ba66cc3237654a7') in 0.254055 seconds 
========================================================================
Received Import Request.
  Time since last request: 9.111632 seconds.
  path: Assets/Maps/map_Buildings.png
  artifactKey: Guid(5c5bb5cc62c8fd546854ced8e026e174) Importer(815301076,1909f56bfc062723c751e8b465ee728b)
Start importing Assets/Maps/map_Buildings.png using Guid(5c5bb5cc62c8fd546854ced8e026e174) Importer(815301076,1909f56bfc062723c751e8b465ee728b)  -> (artifact id: '8a97dbd965d617e3b0881411f2dd5f69') in 0.548734 seconds 
========================================================================
Received Import Request.
  Time since last request: 14.612961 seconds.
  path: Assets/Maps/map_Buildings.png
  artifactKey: Guid(5c5bb5cc62c8fd546854ced8e026e174) Importer(815301076,1909f56bfc062723c751e8b465ee728b)
Start importing Assets/Maps/map_Buildings.png using Guid(5c5bb5cc62c8fd546854ced8e026e174) Importer(815301076,1909f56bfc062723c751e8b465ee728b)  -> (artifact id: 'd4a5f09eaeada1748a38509a3267267a') in 0.589965 seconds 
========================================================================
Received Prepare
Registering precompiled user dll's ...
Registered in 0.032609 seconds.
Begin MonoManager ReloadAssembly
Native extension for WindowsStandalone target not found
Refreshing native plugins compatible for Editor in 0.91 ms, found 3 plugins.
Preloading 0 native plugins for Editor in 0.00 ms.
Mono: successfully reloaded assembly
- Completed reload, in  4.608 seconds
Domain Reload Profiling:
	ReloadAssembly (4628ms)
		BeginReloadAssembly (1881ms)
			ExecutionOrderSort (0ms)
			DisableScriptedObjects (163ms)
			BackupInstance (0ms)
			ReleaseScriptingObjects (0ms)
			CreateAndSetChildDomain (1113ms)
		EndReloadAssembly (2509ms)
			LoadAssemblies (509ms)
			RebuildTransferFunctionScriptingTraits (4ms)
			SetupTypeCache (973ms)
			ReleaseScriptCaches (3ms)
			RebuildScriptCaches (114ms)
			SetupLoadedEditorAssemblies (772ms)
				LogAssemblyErrors (0ms)
				InitializePlatformSupportModulesInManaged (13ms)
				SetLoadedEditorAssemblies (3ms)
				RefreshPlugins (1ms)
				BeforeProcessingInitializeOnLoad (208ms)
				ProcessInitializeOnLoadAttributes (503ms)
				ProcessInitializeOnLoadMethodAttributes (32ms)
				AfterProcessingInitializeOnLoad (12ms)
				EditorAssembliesLoaded (0ms)
			ExecutionOrderSort2 (0ms)
			AwakeInstancesAfterBackupRestoration (9ms)
Platform modules already initialized, skipping
Refreshing native plugins compatible for Editor in 5.74 ms, found 3 plugins.
Preloading 0 native plugins for Editor in 0.00 ms.
Unloading 2209 Unused Serialized files (Serialized files now loaded: 0)
System memory in use before: 103.3 MB.
System memory in use after: 103.4 MB.

Unloading 20 unused Assets to reduce memory usage. Loaded Objects now: 2777.
Total: 24.101300 ms (FindLiveObjects: 2.496300 ms CreateObjectMapping: 0.748500 ms MarkObjects: 19.084200 ms  DeleteObjects: 1.762400 ms)

AssetImportParameters requested are different than current active one (requested -> active):
  custom:framework-win-MediaFoundation: 216162199b28c13a410421893ffa2e32 -> 
  custom:video-decoder-ogg-theora: a1e56fd34408186e4bbccfd4996cb3dc -> 
  custom:container-muxer-webm: aa71ff27fc2769a1b78a27578f13a17b -> 
  custom:container-demuxer-webm: 4f35f7cbe854078d1ac9338744f61a02 -> 
  custom:container-demuxer-ogg: 62fdf1f143b41e24485cea50d1cbac27 -> 
  custom:video-encoder-webm-vp8: eb34c28f22e8b96e1ab97ce403110664 -> 
  custom:video-decoder-webm-vp8: 9c59270c3fd7afecdb556c50c9e8de78 -> 
  custom:audio-decoder-ogg-vorbis: bf7c407c2cedff20999df2af8eb42d56 -> 
  custom:audio-encoder-webm-vorbis: bf7c407c2cedff20999df2af8eb42d56 -> 
========================================================================
Received Prepare
Registering precompiled user dll's ...
Registered in 0.019210 seconds.
Begin MonoManager ReloadAssembly
Native extension for WindowsStandalone target not found
Refreshing native plugins compatible for Editor in 0.81 ms, found 3 plugins.
Preloading 0 native plugins for Editor in 0.00 ms.
Mono: successfully reloaded assembly
- Completed reload, in  2.347 seconds
Domain Reload Profiling:
	ReloadAssembly (2348ms)
		BeginReloadAssembly (399ms)
			ExecutionOrderSort (0ms)
			DisableScriptedObjects (13ms)
			BackupInstance (0ms)
			ReleaseScriptingObjects (0ms)
			CreateAndSetChildDomain (84ms)
		EndReloadAssembly (1783ms)
			LoadAssemblies (365ms)
			RebuildTransferFunctionScriptingTraits (0ms)
			SetupTypeCache (621ms)
			ReleaseScriptCaches (1ms)
			RebuildScriptCaches (74ms)
			SetupLoadedEditorAssemblies (681ms)
				LogAssemblyErrors (0ms)
				InitializePlatformSupportModulesInManaged (7ms)
				SetLoadedEditorAssemblies (1ms)
				RefreshPlugins (1ms)
				BeforeProcessingInitializeOnLoad (275ms)
				ProcessInitializeOnLoadAttributes (340ms)
				ProcessInitializeOnLoadMethodAttributes (45ms)
				AfterProcessingInitializeOnLoad (11ms)
				EditorAssembliesLoaded (0ms)
			ExecutionOrderSort2 (0ms)
			AwakeInstancesAfterBackupRestoration (7ms)
Platform modules already initialized, skipping
Refreshing native plugins compatible for Editor in 2.61 ms, found 3 plugins.
Preloading 0 native plugins for Editor in 0.00 ms.
Unloading 2209 Unused Serialized files (Serialized files now loaded: 0)
System memory in use before: 103.3 MB.
System memory in use after: 103.4 MB.

Unloading 20 unused Assets to reduce memory usage. Loaded Objects now: 2780.
Total: 8.059700 ms (FindLiveObjects: 0.601300 ms CreateObjectMapping: 0.385600 ms MarkObjects: 6.760500 ms  DeleteObjects: 0.307800 ms)

AssetImportParameters requested are different than current active one (requested -> active):
  custom:framework-win-MediaFoundation: 216162199b28c13a410421893ffa2e32 -> 
  custom:video-decoder-ogg-theora: a1e56fd34408186e4bbccfd4996cb3dc -> 
  custom:container-muxer-webm: aa71ff27fc2769a1b78a27578f13a17b -> 
  custom:container-demuxer-webm: 4f35f7cbe854078d1ac9338744f61a02 -> 
  custom:container-demuxer-ogg: 62fdf1f143b41e24485cea50d1cbac27 -> 
  custom:video-encoder-webm-vp8: eb34c28f22e8b96e1ab97ce403110664 -> 
  custom:video-decoder-webm-vp8: 9c59270c3fd7afecdb556c50c9e8de78 -> 
  custom:audio-decoder-ogg-vorbis: bf7c407c2cedff20999df2af8eb42d56 -> 
  custom:audio-encoder-webm-vorbis: bf7c407c2cedff20999df2af8eb42d56 -> 
AssetImportWorkerClient::OnTransportError - code=2 error=End of file
